Starting server...
[dotenv@17.0.0] injecting env (12) from .env – 🔐 encrypt with dotenvx: https://dotenvx.com
dotenv loaded
express loaded
mongoose loaded
cors loaded
app created
Loading routes...
[dotenv@17.0.0] injecting env (12) from .env – 🔐 encrypt with dotenvx: https://dotenvx.com
chatRoutes loaded
authRoutes loaded
profileRoutes loaded
uploadRoutes loaded
productsRoutes loaded
adminRoutes loaded
session loaded
passport loaded
Loading passport config...
passport config loaded
About to connect to MongoDB...
MONGODB_URI: mongodb+srv://spsalta:Q4eqe34UHGRz7ZaT@juleslabs.mtrgoxc.mongodb.net/?retryWrites=true&w=majority&appName=JulesLabs
Calling mongoose.connect...
(node:34669) [MONGODB DRIVER] Warning: useNewUrlParser is a deprecated option: useNewUrlParser has no effect since Node.js Driver version 4.0.0 and will be removed in the next major version
(Use `node --trace-warnings ...` to show where the warning was created)
(node:34669) [MONGODB DRIVER] Warning: useUnifiedTopology is a deprecated option: useUnifiedTopology has no effect since Node.js Driver version 4.0.0 and will be removed in the next major version
Connected to MongoDB Atlas
About to start server...
Server running on port 4000
Server startup complete
